1411131248951 jvm.JvmMetrics: Context=jvm, ProcessName=NodeManager, SessionId=null, Hostname=amb0, MemNonHeapUsedM=21.98098, MemNonHeapCommittedM=23.4375, MemNonHeapMaxM=130.0, MemHeapUsedM=46.410538, MemHeapCommittedM=114.5, MemHeapMaxM=910.5, MemMaxM=910.5, GcCountPS Scavenge=5, GcTimeMillisPS Scavenge=42, GcCountPS MarkSweep=0, GcTimeMillisPS MarkSweep=0, GcCount=5, GcTimeMillis=42, ThreadsNew=0, ThreadsRunnable=27, ThreadsBlocked=0, ThreadsWaiting=7, ThreadsTimedWaiting=36, ThreadsTerminated=0, LogFatal=0, LogError=0, LogWarn=2, LogInfo=60
1411131248953 yarn.NodeManagerMetrics: Context=yarn, Hostname=amb0, ContainersLaunched=0, ContainersCompleted=0, ContainersFailed=0, ContainersKilled=0, ContainersIniting=0, ContainersRunning=0, AllocatedGB=0, AllocatedContainers=0, AvailableGB=5
1411131248953 ugi.UgiMetrics: Context=ugi, Hostname=amb0, LoginSuccessNumOps=0, LoginSuccessAvgTime=0.0, LoginFailureNumOps=0, LoginFailureAvgTime=0.0, GetGroupsNumOps=0, GetGroupsAvgTime=0.0
1411131248953 mapred.ShuffleMetrics: Context=mapred, Hostname=amb0, ShuffleOutputBytes=0, ShuffleOutputsFailed=0, ShuffleOutputsOK=0, ShuffleConnections=0
1411131248953 rpc.rpc: port=45454, Context=rpc, Hostname=amb0, ReceivedBytes=0, SentBytes=0, RpcQueueTimeNumOps=0, RpcQueueTimeAvgTime=0.0, RpcProcessingTimeNumOps=0, RpcProcessingTimeAvgTime=0.0, RpcAuthenticationFailures=0, RpcAuthenticationSuccesses=0, RpcAuthorizationFailures=0, RpcAuthorizationSuccesses=0, NumOpenConnections=0, CallQueueLength=0
1411131248953 rpcdetailed.rpcdetailed: port=45454, Context=rpcdetailed, Hostname=amb0
1411131248953 rpc.rpc: port=8040, Context=rpc, Hostname=amb0, ReceivedBytes=0, SentBytes=0, RpcQueueTimeNumOps=0, RpcQueueTimeAvgTime=0.0, RpcProcessingTimeNumOps=0, RpcProcessingTimeAvgTime=0.0, RpcAuthenticationFailures=0, RpcAuthenticationSuccesses=0, RpcAuthorizationFailures=0, RpcAuthorizationSuccesses=0, NumOpenConnections=0, CallQueueLength=0
1411131248953 rpcdetailed.rpcdetailed: port=8040, Context=rpcdetailed, Hostname=amb0
1411131248953 metricssystem.MetricsSystem: Context=metricssystem, Hostname=amb0, NumActiveSources=8, NumAllSources=8, NumActiveSinks=1, NumAllSinks=0, Sink_logstashNumOps=0, Sink_logstashAvgTime=0.0, Sink_logstashDropped=0, Sink_logstashQsize=0, SnapshotNumOps=8, SnapshotAvgTime=0.25000000000000006, PublishNumOps=0, PublishAvgTime=0.0, DroppedPubAll=0
1411131258951 jvm.JvmMetrics: Context=jvm, ProcessName=NodeManager, SessionId=null, Hostname=amb0, MemNonHeapUsedM=22.01397, MemNonHeapCommittedM=23.4375, MemNonHeapMaxM=130.0, MemHeapUsedM=47.22477, MemHeapCommittedM=114.5, MemHeapMaxM=910.5, MemMaxM=910.5, GcCountPS Scavenge=5, GcTimeMillisPS Scavenge=42, GcCountPS MarkSweep=0, GcTimeMillisPS MarkSweep=0, GcCount=5, GcTimeMillis=42, ThreadsNew=0, ThreadsRunnable=27, ThreadsBlocked=0, ThreadsWaiting=7, ThreadsTimedWaiting=36, ThreadsTerminated=0, LogFatal=0, LogError=0, LogWarn=2, LogInfo=60
1411131258952 yarn.NodeManagerMetrics: Context=yarn, Hostname=amb0, ContainersLaunched=0, ContainersCompleted=0, ContainersFailed=0, ContainersKilled=0, ContainersIniting=0, ContainersRunning=0, AllocatedGB=0, AllocatedContainers=0, AvailableGB=5
1411131258952 ugi.UgiMetrics: Context=ugi, Hostname=amb0, LoginSuccessNumOps=0, LoginSuccessAvgTime=0.0, LoginFailureNumOps=0, LoginFailureAvgTime=0.0, GetGroupsNumOps=0, GetGroupsAvgTime=0.0
1411131258952 mapred.ShuffleMetrics: Context=mapred, Hostname=amb0, ShuffleOutputBytes=0, ShuffleOutputsFailed=0, ShuffleOutputsOK=0, ShuffleConnections=0
1411131258952 rpc.rpc: port=45454, Context=rpc, Hostname=amb0, ReceivedBytes=0, SentBytes=0, RpcQueueTimeNumOps=0, RpcQueueTimeAvgTime=0.0, RpcProcessingTimeNumOps=0, RpcProcessingTimeAvgTime=0.0, RpcAuthenticationFailures=0, RpcAuthenticationSuccesses=0, RpcAuthorizationFailures=0, RpcAuthorizationSuccesses=0, NumOpenConnections=0, CallQueueLength=0
1411131258952 rpcdetailed.rpcdetailed: port=45454, Context=rpcdetailed, Hostname=amb0
1411131258952 rpc.rpc: port=8040, Context=rpc, Hostname=amb0, ReceivedBytes=0, SentBytes=0, RpcQueueTimeNumOps=0, RpcQueueTimeAvgTime=0.0, RpcProcessingTimeNumOps=0, RpcProcessingTimeAvgTime=0.0, RpcAuthenticationFailures=0, RpcAuthenticationSuccesses=0, RpcAuthorizationFailures=0, RpcAuthorizationSuccesses=0, NumOpenConnections=0, CallQueueLength=0
1411131258952 rpcdetailed.rpcdetailed: port=8040, Context=rpcdetailed, Hostname=amb0
1411131258952 metricssystem.MetricsSystem: Context=metricssystem, Hostname=amb0, NumActiveSources=8, NumAllSources=8, NumActiveSinks=1, NumAllSinks=0, Sink_logstashNumOps=1, Sink_logstashAvgTime=5.0, Sink_logstashDropped=0, Sink_logstashQsize=0, SnapshotNumOps=17, SnapshotAvgTime=0.0, PublishNumOps=1, PublishAvgTime=0.0, DroppedPubAll=0
1411131268952 jvm.JvmMetrics: Context=jvm, ProcessName=NodeManager, SessionId=null, Hostname=amb0, MemNonHeapUsedM=22.013855, MemNonHeapCommittedM=23.4375, MemNonHeapMaxM=130.0, MemHeapUsedM=47.36811, MemHeapCommittedM=114.5, MemHeapMaxM=910.5, MemMaxM=910.5, GcCountPS Scavenge=5, GcTimeMillisPS Scavenge=42, GcCountPS MarkSweep=0, GcTimeMillisPS MarkSweep=0, GcCount=5, GcTimeMillis=42, ThreadsNew=0, ThreadsRunnable=27, ThreadsBlocked=0, ThreadsWaiting=7, ThreadsTimedWaiting=36, ThreadsTerminated=0, LogFatal=0, LogError=0, LogWarn=2, LogInfo=60
1411131268953 yarn.NodeManagerMetrics: Context=yarn, Hostname=amb0, ContainersLaunched=0, ContainersCompleted=0, ContainersFailed=0, ContainersKilled=0, ContainersIniting=0, ContainersRunning=0, AllocatedGB=0, AllocatedContainers=0, AvailableGB=5
1411131268953 ugi.UgiMetrics: Context=ugi, Hostname=amb0, LoginSuccessNumOps=0, LoginSuccessAvgTime=0.0, LoginFailureNumOps=0, LoginFailureAvgTime=0.0, GetGroupsNumOps=0, GetGroupsAvgTime=0.0
1411131268953 mapred.ShuffleMetrics: Context=mapred, Hostname=amb0, ShuffleOutputBytes=0, ShuffleOutputsFailed=0, ShuffleOutputsOK=0, ShuffleConnections=0
1411131268953 rpc.rpc: port=45454, Context=rpc, Hostname=amb0, ReceivedBytes=0, SentBytes=0, RpcQueueTimeNumOps=0, RpcQueueTimeAvgTime=0.0, RpcProcessingTimeNumOps=0, RpcProcessingTimeAvgTime=0.0, RpcAuthenticationFailures=0, RpcAuthenticationSuccesses=0, RpcAuthorizationFailures=0, RpcAuthorizationSuccesses=0, NumOpenConnections=0, CallQueueLength=0
1411131268953 rpcdetailed.rpcdetailed: port=45454, Context=rpcdetailed, Hostname=amb0
1411131268953 rpc.rpc: port=8040, Context=rpc, Hostname=amb0, ReceivedBytes=0, SentBytes=0, RpcQueueTimeNumOps=0, RpcQueueTimeAvgTime=0.0, RpcProcessingTimeNumOps=0, RpcProcessingTimeAvgTime=0.0, RpcAuthenticationFailures=0, RpcAuthenticationSuccesses=0, RpcAuthorizationFailures=0, RpcAuthorizationSuccesses=0, NumOpenConnections=0, CallQueueLength=0
1411131268953 rpcdetailed.rpcdetailed: port=8040, Context=rpcdetailed, Hostname=amb0
1411131268953 metricssystem.MetricsSystem: Context=metricssystem, Hostname=amb0, NumActiveSources=8, NumAllSources=8, NumActiveSinks=1, NumAllSinks=0, Sink_logstashNumOps=2, Sink_logstashAvgTime=5.0, Sink_logstashDropped=0, Sink_logstashQsize=0, SnapshotNumOps=26, SnapshotAvgTime=0.11111111111111113, PublishNumOps=2, PublishAvgTime=0.0, DroppedPubAll=0
1411131278951 jvm.JvmMetrics: Context=jvm, ProcessName=NodeManager, SessionId=null, Hostname=amb0, MemNonHeapUsedM=22.015839, MemNonHeapCommittedM=23.4375, MemNonHeapMaxM=130.0, MemHeapUsedM=47.69586, MemHeapCommittedM=114.5, MemHeapMaxM=910.5, MemMaxM=910.5, GcCountPS Scavenge=5, GcTimeMillisPS Scavenge=42, GcCountPS MarkSweep=0, GcTimeMillisPS MarkSweep=0, GcCount=5, GcTimeMillis=42, ThreadsNew=0, ThreadsRunnable=27, ThreadsBlocked=0, ThreadsWaiting=7, ThreadsTimedWaiting=36, ThreadsTerminated=0, LogFatal=0, LogError=0, LogWarn=2, LogInfo=60
1411131278951 yarn.NodeManagerMetrics: Context=yarn, Hostname=amb0, ContainersLaunched=0, ContainersCompleted=0, ContainersFailed=0, ContainersKilled=0, ContainersIniting=0, ContainersRunning=0, AllocatedGB=0, AllocatedContainers=0, AvailableGB=5
1411131278951 ugi.UgiMetrics: Context=ugi, Hostname=amb0, LoginSuccessNumOps=0, LoginSuccessAvgTime=0.0, LoginFailureNumOps=0, LoginFailureAvgTime=0.0, GetGroupsNumOps=0, GetGroupsAvgTime=0.0
1411131278952 mapred.ShuffleMetrics: Context=mapred, Hostname=amb0, ShuffleOutputBytes=0, ShuffleOutputsFailed=0, ShuffleOutputsOK=0, ShuffleConnections=0
1411131278952 rpc.rpc: port=45454, Context=rpc, Hostname=amb0, ReceivedBytes=0, SentBytes=0, RpcQueueTimeNumOps=0, RpcQueueTimeAvgTime=0.0, RpcProcessingTimeNumOps=0, RpcProcessingTimeAvgTime=0.0, RpcAuthenticationFailures=0, RpcAuthenticationSuccesses=0, RpcAuthorizationFailures=0, RpcAuthorizationSuccesses=0, NumOpenConnections=0, CallQueueLength=0
1411131278952 rpcdetailed.rpcdetailed: port=45454, Context=rpcdetailed, Hostname=amb0
1411131278952 rpc.rpc: port=8040, Context=rpc, Hostname=amb0, ReceivedBytes=0, SentBytes=0, RpcQueueTimeNumOps=0, RpcQueueTimeAvgTime=0.0, RpcProcessingTimeNumOps=0, RpcProcessingTimeAvgTime=0.0, RpcAuthenticationFailures=0, RpcAuthenticationSuccesses=0, RpcAuthorizationFailures=0, RpcAuthorizationSuccesses=0, NumOpenConnections=0, CallQueueLength=0
1411131278952 rpcdetailed.rpcdetailed: port=8040, Context=rpcdetailed, Hostname=amb0
1411131278952 metricssystem.MetricsSystem: Context=metricssystem, Hostname=amb0, NumActiveSources=8, NumAllSources=8, NumActiveSinks=1, NumAllSinks=0, Sink_logstashNumOps=3, Sink_logstashAvgTime=5.0, Sink_logstashDropped=0, Sink_logstashQsize=0, SnapshotNumOps=35, SnapshotAvgTime=0.11111111111111113, PublishNumOps=3, PublishAvgTime=0.0, DroppedPubAll=0
1411131288950 jvm.JvmMetrics: Context=jvm, ProcessName=NodeManager, SessionId=null, Hostname=amb0, MemNonHeapUsedM=22.020325, MemNonHeapCommittedM=23.4375, MemNonHeapMaxM=130.0, MemHeapUsedM=47.76969, MemHeapCommittedM=114.5, MemHeapMaxM=910.5, MemMaxM=910.5, GcCountPS Scavenge=5, GcTimeMillisPS Scavenge=42, GcCountPS MarkSweep=0, GcTimeMillisPS MarkSweep=0, GcCount=5, GcTimeMillis=42, ThreadsNew=0, ThreadsRunnable=27, ThreadsBlocked=0, ThreadsWaiting=7, ThreadsTimedWaiting=36, ThreadsTerminated=0, LogFatal=0, LogError=0, LogWarn=2, LogInfo=60
1411131288951 yarn.NodeManagerMetrics: Context=yarn, Hostname=amb0, ContainersLaunched=0, ContainersCompleted=0, ContainersFailed=0, ContainersKilled=0, ContainersIniting=0, ContainersRunning=0, AllocatedGB=0, AllocatedContainers=0, AvailableGB=5
1411131288951 ugi.UgiMetrics: Context=ugi, Hostname=amb0, LoginSuccessNumOps=0, LoginSuccessAvgTime=0.0, LoginFailureNumOps=0, LoginFailureAvgTime=0.0, GetGroupsNumOps=0, GetGroupsAvgTime=0.0
1411131288951 mapred.ShuffleMetrics: Context=mapred, Hostname=amb0, ShuffleOutputBytes=0, ShuffleOutputsFailed=0, ShuffleOutputsOK=0, ShuffleConnections=0
1411131288951 rpc.rpc: port=45454, Context=rpc, Hostname=amb0, ReceivedBytes=0, SentBytes=0, RpcQueueTimeNumOps=0, RpcQueueTimeAvgTime=0.0, RpcProcessingTimeNumOps=0, RpcProcessingTimeAvgTime=0.0, RpcAuthenticationFailures=0, RpcAuthenticationSuccesses=0, RpcAuthorizationFailures=0, RpcAuthorizationSuccesses=0, NumOpenConnections=0, CallQueueLength=0
1411131288951 rpcdetailed.rpcdetailed: port=45454, Context=rpcdetailed, Hostname=amb0
1411131288951 rpc.rpc: port=8040, Context=rpc, Hostname=amb0, ReceivedBytes=0, SentBytes=0, RpcQueueTimeNumOps=0, RpcQueueTimeAvgTime=0.0, RpcProcessingTimeNumOps=0, RpcProcessingTimeAvgTime=0.0, RpcAuthenticationFailures=0, RpcAuthenticationSuccesses=0, RpcAuthorizationFailures=0, RpcAuthorizationSuccesses=0, NumOpenConnections=0, CallQueueLength=0
1411131288951 rpcdetailed.rpcdetailed: port=8040, Context=rpcdetailed, Hostname=amb0
1411131288951 metricssystem.MetricsSystem: Context=metricssystem, Hostname=amb0, NumActiveSources=8, NumAllSources=8, NumActiveSinks=1, NumAllSinks=0, Sink_logstashNumOps=4, Sink_logstashAvgTime=4.0, Sink_logstashDropped=0, Sink_logstashQsize=0, SnapshotNumOps=44, SnapshotAvgTime=0.11111111111111113, PublishNumOps=4, PublishAvgTime=0.0, DroppedPubAll=0
1411131298951 jvm.JvmMetrics: Context=jvm, ProcessName=NodeManager, SessionId=null, Hostname=amb0, MemNonHeapUsedM=31.669228, MemNonHeapCommittedM=32.9375, MemNonHeapMaxM=130.0, MemHeapUsedM=64.049286, MemHeapCommittedM=168.0, MemHeapMaxM=910.5, MemMaxM=910.5, GcCountPS Scavenge=7, GcTimeMillisPS Scavenge=66, GcCountPS MarkSweep=0, GcTimeMillisPS MarkSweep=0, GcCount=7, GcTimeMillis=66, ThreadsNew=0, ThreadsRunnable=43, ThreadsBlocked=0, ThreadsWaiting=8, ThreadsTimedWaiting=42, ThreadsTerminated=0, LogFatal=0, LogError=0, LogWarn=3, LogInfo=133
1411131298951 yarn.NodeManagerMetrics: Context=yarn, Hostname=amb0, ContainersLaunched=5, ContainersCompleted=0, ContainersFailed=0, ContainersKilled=0, ContainersIniting=0, ContainersRunning=5, AllocatedGB=4, AllocatedContainers=5, AvailableGB=1
1411131298951 ugi.UgiMetrics: Context=ugi, Hostname=amb0, LoginSuccessNumOps=0, LoginSuccessAvgTime=0.0, LoginFailureNumOps=0, LoginFailureAvgTime=0.0, GetGroupsNumOps=0, GetGroupsAvgTime=0.0
1411131298952 mapred.ShuffleMetrics: Context=mapred, Hostname=amb0, ShuffleOutputBytes=0, ShuffleOutputsFailed=0, ShuffleOutputsOK=0, ShuffleConnections=0
1411131298952 rpc.rpc: port=45454, Context=rpc, Hostname=amb0, ReceivedBytes=9998, SentBytes=850, RpcQueueTimeNumOps=5, RpcQueueTimeAvgTime=23.400000000000002, RpcProcessingTimeNumOps=5, RpcProcessingTimeAvgTime=24.4, RpcAuthenticationFailures=0, RpcAuthenticationSuccesses=2, RpcAuthorizationFailures=0, RpcAuthorizationSuccesses=2, NumOpenConnections=2, CallQueueLength=0
1411131298952 rpcdetailed.rpcdetailed: port=45454, Context=rpcdetailed, Hostname=amb0, StartContainersNumOps=5, StartContainersAvgTime=24.4
1411131298952 rpc.rpc: port=8040, Context=rpc, Hostname=amb0, ReceivedBytes=2130, SentBytes=1063, RpcQueueTimeNumOps=7, RpcQueueTimeAvgTime=1.1428571428571428, RpcProcessingTimeNumOps=7, RpcProcessingTimeAvgTime=7.0, RpcAuthenticationFailures=0, RpcAuthenticationSuccesses=0, RpcAuthorizationFailures=0, RpcAuthorizationSuccesses=1, NumOpenConnections=1, CallQueueLength=0
1411131298952 rpcdetailed.rpcdetailed: port=8040, Context=rpcdetailed, Hostname=amb0, HeartbeatNumOps=7, HeartbeatAvgTime=7.0
1411131298952 metricssystem.MetricsSystem: Context=metricssystem, Hostname=amb0, NumActiveSources=8, NumAllSources=8, NumActiveSinks=1, NumAllSinks=0, Sink_logstashNumOps=5, Sink_logstashAvgTime=3.0, Sink_logstashDropped=0, Sink_logstashQsize=0, SnapshotNumOps=53, SnapshotAvgTime=0.0, PublishNumOps=5, PublishAvgTime=0.0, DroppedPubAll=0
1411131308952 jvm.JvmMetrics: Context=jvm, ProcessName=NodeManager, SessionId=null, Hostname=amb0, MemNonHeapUsedM=31.708992, MemNonHeapCommittedM=32.9375, MemNonHeapMaxM=130.0, MemHeapUsedM=88.06605, MemHeapCommittedM=168.0, MemHeapMaxM=910.5, MemMaxM=910.5, GcCountPS Scavenge=7, GcTimeMillisPS Scavenge=66, GcCountPS MarkSweep=0, GcTimeMillisPS MarkSweep=0, GcCount=7, GcTimeMillis=66, ThreadsNew=0, ThreadsRunnable=43, ThreadsBlocked=0, ThreadsWaiting=8, ThreadsTimedWaiting=42, ThreadsTerminated=0, LogFatal=0, LogError=0, LogWarn=3, LogInfo=157
1411131308952 yarn.NodeManagerMetrics: Context=yarn, Hostname=amb0, ContainersLaunched=5, ContainersCompleted=0, ContainersFailed=0, ContainersKilled=0, ContainersIniting=0, ContainersRunning=5, AllocatedGB=4, AllocatedContainers=5, AvailableGB=1
1411131308952 ugi.UgiMetrics: Context=ugi, Hostname=amb0, LoginSuccessNumOps=0, LoginSuccessAvgTime=0.0, LoginFailureNumOps=0, LoginFailureAvgTime=0.0, GetGroupsNumOps=0, GetGroupsAvgTime=0.0
1411131308952 mapred.ShuffleMetrics: Context=mapred, Hostname=amb0, ShuffleOutputBytes=0, ShuffleOutputsFailed=0, ShuffleOutputsOK=0, ShuffleConnections=0
1411131308952 rpc.rpc: port=45454, Context=rpc, Hostname=amb0, ReceivedBytes=9998, SentBytes=850, RpcQueueTimeNumOps=5, RpcQueueTimeAvgTime=23.400000000000002, RpcProcessingTimeNumOps=5, RpcProcessingTimeAvgTime=24.4, RpcAuthenticationFailures=0, RpcAuthenticationSuccesses=2, RpcAuthorizationFailures=0, RpcAuthorizationSuccesses=2, NumOpenConnections=2, CallQueueLength=0
1411131308952 rpcdetailed.rpcdetailed: port=45454, Context=rpcdetailed, Hostname=amb0, StartContainersNumOps=5, StartContainersAvgTime=24.4
1411131308952 rpc.rpc: port=8040, Context=rpc, Hostname=amb0, ReceivedBytes=2130, SentBytes=1063, RpcQueueTimeNumOps=7, RpcQueueTimeAvgTime=1.1428571428571428, RpcProcessingTimeNumOps=7, RpcProcessingTimeAvgTime=7.0, RpcAuthenticationFailures=0, RpcAuthenticationSuccesses=0, RpcAuthorizationFailures=0, RpcAuthorizationSuccesses=1, NumOpenConnections=1, CallQueueLength=0
1411131308956 rpcdetailed.rpcdetailed: port=8040, Context=rpcdetailed, Hostname=amb0, HeartbeatNumOps=7, HeartbeatAvgTime=7.0
1411131308956 metricssystem.MetricsSystem: Context=metricssystem, Hostname=amb0, NumActiveSources=8, NumAllSources=8, NumActiveSinks=1, NumAllSinks=0, Sink_logstashNumOps=6, Sink_logstashAvgTime=4.0, Sink_logstashDropped=0, Sink_logstashQsize=0, SnapshotNumOps=62, SnapshotAvgTime=0.3333333333333333, PublishNumOps=6, PublishAvgTime=0.0, DroppedPubAll=0
1411131318951 jvm.JvmMetrics: Context=jvm, ProcessName=NodeManager, SessionId=null, Hostname=amb0, MemNonHeapUsedM=31.928474, MemNonHeapCommittedM=32.9375, MemNonHeapMaxM=130.0, MemHeapUsedM=52.932266, MemHeapCommittedM=267.0, MemHeapMaxM=910.5, MemMaxM=910.5, GcCountPS Scavenge=8, GcTimeMillisPS Scavenge=77, GcCountPS MarkSweep=0, GcTimeMillisPS MarkSweep=0, GcCount=8, GcTimeMillis=77, ThreadsNew=0, ThreadsRunnable=43, ThreadsBlocked=0, ThreadsWaiting=11, ThreadsTimedWaiting=43, ThreadsTerminated=0, LogFatal=0, LogError=0, LogWarn=7, LogInfo=271
1411131318952 yarn.NodeManagerMetrics: Context=yarn, Hostname=amb0, ContainersLaunched=9, ContainersCompleted=0, ContainersFailed=0, ContainersKilled=4, ContainersIniting=0, ContainersRunning=5, AllocatedGB=4, AllocatedContainers=5, AvailableGB=1
1411131318952 ugi.UgiMetrics: Context=ugi, Hostname=amb0, LoginSuccessNumOps=0, LoginSuccessAvgTime=0.0, LoginFailureNumOps=0, LoginFailureAvgTime=0.0, GetGroupsNumOps=0, GetGroupsAvgTime=0.0
1411131318952 mapred.ShuffleMetrics: Context=mapred, Hostname=amb0, ShuffleOutputBytes=0, ShuffleOutputsFailed=0, ShuffleOutputsOK=0, ShuffleConnections=0
1411131318952 rpc.rpc: port=45454, Context=rpc, Hostname=amb0, ReceivedBytes=17810, SentBytes=1366, RpcQueueTimeNumOps=13, RpcQueueTimeAvgTime=1.125, RpcProcessingTimeNumOps=13, RpcProcessingTimeAvgTime=11.5, RpcAuthenticationFailures=0, RpcAuthenticationSuccesses=2, RpcAuthorizationFailures=0, RpcAuthorizationSuccesses=2, NumOpenConnections=2, CallQueueLength=0
1411131318952 rpcdetailed.rpcdetailed: port=45454, Context=rpcdetailed, Hostname=amb0, StartContainersNumOps=9, StartContainersAvgTime=3.5, StopContainersNumOps=4, StopContainersAvgTime=19.5
1411131318952 rpc.rpc: port=8040, Context=rpc, Hostname=amb0, ReceivedBytes=2130, SentBytes=1063, RpcQueueTimeNumOps=7, RpcQueueTimeAvgTime=1.1428571428571428, RpcProcessingTimeNumOps=7, RpcProcessingTimeAvgTime=7.0, RpcAuthenticationFailures=0, RpcAuthenticationSuccesses=0, RpcAuthorizationFailures=0, RpcAuthorizationSuccesses=1, NumOpenConnections=1, CallQueueLength=0
1411131318952 rpcdetailed.rpcdetailed: port=8040, Context=rpcdetailed, Hostname=amb0, HeartbeatNumOps=7, HeartbeatAvgTime=7.0
1411131318952 metricssystem.MetricsSystem: Context=metricssystem, Hostname=amb0, NumActiveSources=8, NumAllSources=8, NumActiveSinks=1, NumAllSinks=0, Sink_logstashNumOps=7, Sink_logstashAvgTime=8.0, Sink_logstashDropped=0, Sink_logstashQsize=0, SnapshotNumOps=71, SnapshotAvgTime=0.11111111111111113, PublishNumOps=7, PublishAvgTime=0.0, DroppedPubAll=0
1411131328950 jvm.JvmMetrics: Context=jvm, ProcessName=NodeManager, SessionId=null, Hostname=amb0, MemNonHeapUsedM=32.608307, MemNonHeapCommittedM=33.4375, MemNonHeapMaxM=130.0, MemHeapUsedM=131.63693, MemHeapCommittedM=267.0, MemHeapMaxM=910.5, MemMaxM=910.5, GcCountPS Scavenge=8, GcTimeMillisPS Scavenge=77, GcCountPS MarkSweep=0, GcTimeMillisPS MarkSweep=0, GcCount=8, GcTimeMillis=77, ThreadsNew=0, ThreadsRunnable=43, ThreadsBlocked=0, ThreadsWaiting=15, ThreadsTimedWaiting=39, ThreadsTerminated=0, LogFatal=0, LogError=0, LogWarn=11, LogInfo=387
1411131328951 yarn.NodeManagerMetrics: Context=yarn, Hostname=amb0, ContainersLaunched=13, ContainersCompleted=0, ContainersFailed=0, ContainersKilled=8, ContainersIniting=0, ContainersRunning=5, AllocatedGB=4, AllocatedContainers=5, AvailableGB=1
1411131328951 ugi.UgiMetrics: Context=ugi, Hostname=amb0, LoginSuccessNumOps=0, LoginSuccessAvgTime=0.0, LoginFailureNumOps=0, LoginFailureAvgTime=0.0, GetGroupsNumOps=0, GetGroupsAvgTime=0.0
1411131328951 mapred.ShuffleMetrics: Context=mapred, Hostname=amb0, ShuffleOutputBytes=64, ShuffleOutputsFailed=0, ShuffleOutputsOK=2, ShuffleConnections=6
1411131328951 rpc.rpc: port=45454, Context=rpc, Hostname=amb0, ReceivedBytes=25632, SentBytes=1882, RpcQueueTimeNumOps=21, RpcQueueTimeAvgTime=1.25, RpcProcessingTimeNumOps=21, RpcProcessingTimeAvgTime=2.25, RpcAuthenticationFailures=0, RpcAuthenticationSuccesses=2, RpcAuthorizationFailures=0, RpcAuthorizationSuccesses=2, NumOpenConnections=1, CallQueueLength=0
1411131328951 rpcdetailed.rpcdetailed: port=45454, Context=rpcdetailed, Hostname=amb0, StartContainersNumOps=13, StartContainersAvgTime=2.25, StopContainersNumOps=8, StopContainersAvgTime=2.25
1411131328952 rpc.rpc: port=8040, Context=rpc, Hostname=amb0, ReceivedBytes=2130, SentBytes=1063, RpcQueueTimeNumOps=7, RpcQueueTimeAvgTime=1.1428571428571428, RpcProcessingTimeNumOps=7, RpcProcessingTimeAvgTime=7.0, RpcAuthenticationFailures=0, RpcAuthenticationSuccesses=0, RpcAuthorizationFailures=0, RpcAuthorizationSuccesses=1, NumOpenConnections=0, CallQueueLength=0
1411131328952 rpcdetailed.rpcdetailed: port=8040, Context=rpcdetailed, Hostname=amb0, HeartbeatNumOps=7, HeartbeatAvgTime=7.0
1411131328952 metricssystem.MetricsSystem: Context=metricssystem, Hostname=amb0, NumActiveSources=8, NumAllSources=8, NumActiveSinks=1, NumAllSinks=0, Sink_logstashNumOps=8, Sink_logstashAvgTime=4.0, Sink_logstashDropped=0, Sink_logstashQsize=0, SnapshotNumOps=80, SnapshotAvgTime=0.2222222222222222, PublishNumOps=8, PublishAvgTime=1.0, DroppedPubAll=0
1411131338952 jvm.JvmMetrics: Context=jvm, ProcessName=NodeManager, SessionId=null, Hostname=amb0, MemNonHeapUsedM=32.705544, MemNonHeapCommittedM=33.9375, MemNonHeapMaxM=130.0, MemHeapUsedM=183.81206, MemHeapCommittedM=267.0, MemHeapMaxM=910.5, MemMaxM=910.5, GcCountPS Scavenge=8, GcTimeMillisPS Scavenge=77, GcCountPS MarkSweep=0, GcTimeMillisPS MarkSweep=0, GcCount=8, GcTimeMillis=77, ThreadsNew=0, ThreadsRunnable=40, ThreadsBlocked=0, ThreadsWaiting=15, ThreadsTimedWaiting=41, ThreadsTerminated=0, LogFatal=0, LogError=0, LogWarn=16, LogInfo=492
1411131338953 yarn.NodeManagerMetrics: Context=yarn, Hostname=amb0, ContainersLaunched=16, ContainersCompleted=0, ContainersFailed=0, ContainersKilled=12, ContainersIniting=0, ContainersRunning=4, AllocatedGB=3, AllocatedContainers=4, AvailableGB=2
1411131338953 ugi.UgiMetrics: Context=ugi, Hostname=amb0, LoginSuccessNumOps=0, LoginSuccessAvgTime=0.0, LoginFailureNumOps=0, LoginFailureAvgTime=0.0, GetGroupsNumOps=0, GetGroupsAvgTime=0.0
1411131338953 mapred.ShuffleMetrics: Context=mapred, Hostname=amb0, ShuffleOutputBytes=152, ShuffleOutputsFailed=0, ShuffleOutputsOK=7, ShuffleConnections=13
1411131338953 rpc.rpc: port=45454, Context=rpc, Hostname=amb0, ReceivedBytes=31629, SentBytes=2320, RpcQueueTimeNumOps=28, RpcQueueTimeAvgTime=0.28571428571428575, RpcProcessingTimeNumOps=28, RpcProcessingTimeAvgTime=1.5714285714285714, RpcAuthenticationFailures=0, RpcAuthenticationSuccesses=2, RpcAuthorizationFailures=0, RpcAuthorizationSuccesses=2, NumOpenConnections=1, CallQueueLength=0
1411131338953 rpcdetailed.rpcdetailed: port=45454, Context=rpcdetailed, Hostname=amb0, StartContainersNumOps=16, StartContainersAvgTime=1.6666666666666667, StopContainersNumOps=12, StopContainersAvgTime=1.5
1411131338954 rpc.rpc: port=8040, Context=rpc, Hostname=amb0, ReceivedBytes=2130, SentBytes=1063, RpcQueueTimeNumOps=7, RpcQueueTimeAvgTime=1.1428571428571428, RpcProcessingTimeNumOps=7, RpcProcessingTimeAvgTime=7.0, RpcAuthenticationFailures=0, RpcAuthenticationSuccesses=0, RpcAuthorizationFailures=0, RpcAuthorizationSuccesses=1, NumOpenConnections=0, CallQueueLength=0
1411131338954 rpcdetailed.rpcdetailed: port=8040, Context=rpcdetailed, Hostname=amb0, HeartbeatNumOps=7, HeartbeatAvgTime=7.0
1411131338954 metricssystem.MetricsSystem: Context=metricssystem, Hostname=amb0, NumActiveSources=8, NumAllSources=8, NumActiveSinks=1, NumAllSinks=0, Sink_logstashNumOps=9, Sink_logstashAvgTime=7.0, Sink_logstashDropped=0, Sink_logstashQsize=0, SnapshotNumOps=89, SnapshotAvgTime=0.3333333333333333, PublishNumOps=9, PublishAvgTime=0.0, DroppedPubAll=0
1411131348950 jvm.JvmMetrics: Context=jvm, ProcessName=NodeManager, SessionId=null, Hostname=amb0, MemNonHeapUsedM=32.778328, MemNonHeapCommittedM=33.9375, MemNonHeapMaxM=130.0, MemHeapUsedM=43.632263, MemHeapCommittedM=255.0, MemHeapMaxM=910.5, MemMaxM=910.5, GcCountPS Scavenge=9, GcTimeMillisPS Scavenge=87, GcCountPS MarkSweep=0, GcTimeMillisPS MarkSweep=0, GcCount=9, GcTimeMillis=87, ThreadsNew=0, ThreadsRunnable=31, ThreadsBlocked=0, ThreadsWaiting=15, ThreadsTimedWaiting=52, ThreadsTerminated=0, LogFatal=0, LogError=0, LogWarn=20, LogInfo=582
1411131348951 yarn.NodeManagerMetrics: Context=yarn, Hostname=amb0, ContainersLaunched=17, ContainersCompleted=1, ContainersFailed=0, ContainersKilled=15, ContainersIniting=0, ContainersRunning=1, AllocatedGB=0, AllocatedContainers=1, AvailableGB=5
1411131348951 ugi.UgiMetrics: Context=ugi, Hostname=amb0, LoginSuccessNumOps=0, LoginSuccessAvgTime=0.0, LoginFailureNumOps=0, LoginFailureAvgTime=0.0, GetGroupsNumOps=0, GetGroupsAvgTime=0.0
1411131348951 mapred.ShuffleMetrics: Context=mapred, Hostname=amb0, ShuffleOutputBytes=380, ShuffleOutputsFailed=0, ShuffleOutputsOK=13, ShuffleConnections=37
1411131348951 rpc.rpc: port=45454, Context=rpc, Hostname=amb0, ReceivedBytes=34237, SentBytes=2781, RpcQueueTimeNumOps=32, RpcQueueTimeAvgTime=0.75, RpcProcessingTimeNumOps=32, RpcProcessingTimeAvgTime=1.0, RpcAuthenticationFailures=0, RpcAuthenticationSuccesses=3, RpcAuthorizationFailures=0, RpcAuthorizationSuccesses=3, NumOpenConnections=1, CallQueueLength=0
1411131348952 rpcdetailed.rpcdetailed: port=45454, Context=rpcdetailed, Hostname=amb0, StartContainersNumOps=17, StartContainersAvgTime=2.0, StopContainersNumOps=15, StopContainersAvgTime=0.6666666666666667
1411131348952 rpc.rpc: port=8040, Context=rpc, Hostname=amb0, ReceivedBytes=4261, SentBytes=2133, RpcQueueTimeNumOps=14, RpcQueueTimeAvgTime=0.14285714285714285, RpcProcessingTimeNumOps=14, RpcProcessingTimeAvgTime=1.4285714285714286, RpcAuthenticationFailures=0, RpcAuthenticationSuccesses=0, RpcAuthorizationFailures=0, RpcAuthorizationSuccesses=2, NumOpenConnections=1, CallQueueLength=0
1411131348952 rpcdetailed.rpcdetailed: port=8040, Context=rpcdetailed, Hostname=amb0, HeartbeatNumOps=14, HeartbeatAvgTime=1.4285714285714286
1411131348952 metricssystem.MetricsSystem: Context=metricssystem, Hostname=amb0, NumActiveSources=8, NumAllSources=8, NumActiveSinks=1, NumAllSinks=0, Sink_logstashNumOps=10, Sink_logstashAvgTime=6.0, Sink_logstashDropped=0, Sink_logstashQsize=0, SnapshotNumOps=98, SnapshotAvgTime=0.22222222222222227, PublishNumOps=10, PublishAvgTime=1.0, DroppedPubAll=0
1411131358951 jvm.JvmMetrics: Context=jvm, ProcessName=NodeManager, SessionId=null, Hostname=amb0, MemNonHeapUsedM=33.92457, MemNonHeapCommittedM=34.9375, MemNonHeapMaxM=130.0, MemHeapUsedM=104.48796, MemHeapCommittedM=255.0, MemHeapMaxM=910.5, MemMaxM=910.5, GcCountPS Scavenge=9, GcTimeMillisPS Scavenge=87, GcCountPS MarkSweep=0, GcTimeMillisPS MarkSweep=0, GcCount=9, GcTimeMillis=87, ThreadsNew=0, ThreadsRunnable=43, ThreadsBlocked=0, ThreadsWaiting=15, ThreadsTimedWaiting=46, ThreadsTerminated=0, LogFatal=0, LogError=0, LogWarn=20, LogInfo=671
1411131358952 yarn.NodeManagerMetrics: Context=yarn, Hostname=amb0, ContainersLaunched=21, ContainersCompleted=1, ContainersFailed=0, ContainersKilled=15, ContainersIniting=0, ContainersRunning=5, AllocatedGB=4, AllocatedContainers=5, AvailableGB=1
1411131358952 ugi.UgiMetrics: Context=ugi, Hostname=amb0, LoginSuccessNumOps=0, LoginSuccessAvgTime=0.0, LoginFailureNumOps=0, LoginFailureAvgTime=0.0, GetGroupsNumOps=0, GetGroupsAvgTime=0.0
1411131358952 mapred.ShuffleMetrics: Context=mapred, Hostname=amb0, ShuffleOutputBytes=380, ShuffleOutputsFailed=0, ShuffleOutputsOK=13, ShuffleConnections=37
1411131358952 rpc.rpc: port=45454, Context=rpc, Hostname=amb0, ReceivedBytes=42619, SentBytes=3604, RpcQueueTimeNumOps=37, RpcQueueTimeAvgTime=0.8, RpcProcessingTimeNumOps=37, RpcProcessingTimeAvgTime=4.6, RpcAuthenticationFailures=0, RpcAuthenticationSuccesses=5, RpcAuthorizationFailures=0, RpcAuthorizationSuccesses=5, NumOpenConnections=3, CallQueueLength=0
1411131358952 rpcdetailed.rpcdetailed: port=45454, Context=rpcdetailed, Hostname=amb0, StartContainersNumOps=21, StartContainersAvgTime=5.25, StopContainersNumOps=16, StopContainersAvgTime=2.0
1411131358953 rpc.rpc: port=8040, Context=rpc, Hostname=amb0, ReceivedBytes=4261, SentBytes=2133, RpcQueueTimeNumOps=14, RpcQueueTimeAvgTime=0.14285714285714285, RpcProcessingTimeNumOps=14, RpcProcessingTimeAvgTime=1.4285714285714286, RpcAuthenticationFailures=0, RpcAuthenticationSuccesses=0, RpcAuthorizationFailures=0, RpcAuthorizationSuccesses=2, NumOpenConnections=1, CallQueueLength=0
1411131358953 rpcdetailed.rpcdetailed: port=8040, Context=rpcdetailed, Hostname=amb0, HeartbeatNumOps=14, HeartbeatAvgTime=1.4285714285714286
1411131358953 metricssystem.MetricsSystem: Context=metricssystem, Hostname=amb0, NumActiveSources=8, NumAllSources=8, NumActiveSinks=1, NumAllSinks=0, Sink_logstashNumOps=11, Sink_logstashAvgTime=5.0, Sink_logstashDropped=0, Sink_logstashQsize=0, SnapshotNumOps=107, SnapshotAvgTime=0.3333333333333333, PublishNumOps=11, PublishAvgTime=0.0, DroppedPubAll=0
1411131368952 jvm.JvmMetrics: Context=jvm, ProcessName=NodeManager, SessionId=null, Hostname=amb0, MemNonHeapUsedM=33.927635, MemNonHeapCommittedM=34.9375, MemNonHeapMaxM=130.0, MemHeapUsedM=162.2044, MemHeapCommittedM=255.0, MemHeapMaxM=910.5, MemMaxM=910.5, GcCountPS Scavenge=9, GcTimeMillisPS Scavenge=87, GcCountPS MarkSweep=0, GcTimeMillisPS MarkSweep=0, GcCount=9, GcTimeMillis=87, ThreadsNew=0, ThreadsRunnable=43, ThreadsBlocked=0, ThreadsWaiting=15, ThreadsTimedWaiting=46, ThreadsTerminated=0, LogFatal=0, LogError=0, LogWarn=24, LogInfo=785
1411131368953 yarn.NodeManagerMetrics: Context=yarn, Hostname=amb0, ContainersLaunched=25, ContainersCompleted=1, ContainersFailed=0, ContainersKilled=19, ContainersIniting=0, ContainersRunning=5, AllocatedGB=4, AllocatedContainers=5, AvailableGB=1
1411131368954 ugi.UgiMetrics: Context=ugi, Hostname=amb0, LoginSuccessNumOps=0, LoginSuccessAvgTime=0.0, LoginFailureNumOps=0, LoginFailureAvgTime=0.0, GetGroupsNumOps=0, GetGroupsAvgTime=0.0
1411131368954 mapred.ShuffleMetrics: Context=mapred, Hostname=amb0, ShuffleOutputBytes=380, ShuffleOutputsFailed=0, ShuffleOutputsOK=13, ShuffleConnections=37
1411131368955 rpc.rpc: port=45454, Context=rpc, Hostname=amb0, ReceivedBytes=50431, SentBytes=4120, RpcQueueTimeNumOps=45, RpcQueueTimeAvgTime=0.625, RpcProcessingTimeNumOps=45, RpcProcessingTimeAvgTime=1.75, RpcAuthenticationFailures=0, RpcAuthenticationSuccesses=5, RpcAuthorizationFailures=0, RpcAuthorizationSuccesses=5, NumOpenConnections=3, CallQueueLength=0
1411131368955 rpcdetailed.rpcdetailed: port=45454, Context=rpcdetailed, Hostname=amb0, StartContainersNumOps=25, StartContainersAvgTime=1.5, StopContainersNumOps=20, StopContainersAvgTime=2.0
1411131368955 rpc.rpc: port=8040, Context=rpc, Hostname=amb0, ReceivedBytes=4261, SentBytes=2133, RpcQueueTimeNumOps=14, RpcQueueTimeAvgTime=0.14285714285714285, RpcProcessingTimeNumOps=14, RpcProcessingTimeAvgTime=1.4285714285714286, RpcAuthenticationFailures=0, RpcAuthenticationSuccesses=0, RpcAuthorizationFailures=0, RpcAuthorizationSuccesses=2, NumOpenConnections=1, CallQueueLength=0
1411131368956 rpcdetailed.rpcdetailed: port=8040, Context=rpcdetailed, Hostname=amb0, HeartbeatNumOps=14, HeartbeatAvgTime=1.4285714285714286
1411131368956 metricssystem.MetricsSystem: Context=metricssystem, Hostname=amb0, NumActiveSources=8, NumAllSources=8, NumActiveSinks=1, NumAllSinks=0, Sink_logstashNumOps=12, Sink_logstashAvgTime=4.0, Sink_logstashDropped=0, Sink_logstashQsize=0, SnapshotNumOps=116, SnapshotAvgTime=0.3333333333333333, PublishNumOps=12, PublishAvgTime=0.0, DroppedPubAll=0
